[17102][1649930363350][main][info]["Booting Postman 9.15.2, linux-5.13.0-1021-aws on x64"]
[17102][1649930363356][main][info]["EventBus~initialize - Success"]
[17102][1649930363360][main][info]["Proxy configuration has not been setup"]
[17102][1649930363360][main][info]["CloudProxyManager~init - Success"]
[17102][1649930363371][main][info]["UpdateHandler~init - Success"]
[17102][1649930363760][main][info]["RuntimeIPCAgent~started: Success"]
[17102][1649930363763][main][info]["LinuxAutoUpdater~Cleanup - Initial cleanup successful"]
[17102][1649930363764][main][info]["LeaderSelection: Initialized successfully"]
[17102][1649930363765][main][info]["VersionDependencyService: Initialized successfully"]
[17102][1649930363779][main][info]["Generated root certificate for linux"]
[17102][1649930363818][main][info]["GPU detected VID 0 DID 0 ACTIVE false"]
[17102][1649930363835][main][info]["Bootstrap-models~bootstrap - Success"]
[17102][1649930366825][main][info]["windowManager: First requester booted successfully."]
[17102][1649930366825][main][info]["windowManager~restoreWindows: Restoring requester windows"]
[17102][1649930366826][main][info]["Main~AppEvents - Received booted event for process requester.Version undefined UI Version: undefined Desktop Platform Version: 9.15.2"]
[17102][1649934532930][main][info]["VersionDependencyService: Resetting UI version as user logged out/switched account"]
[17102][1649934532935][main][info]["Main - model-events~user - (users, add) received"]
[17102][1649934533543][main][error]["ProtocolHandler~setDefaultProtocolClient: Command failed: xdg-mime default Postman.desktop x-scheme-handler/postman\n/bin/sh: 1: xdg-mime: not found\n"]
[17102][1649934533615][main][warn]["AuthHandler~open: Current app is not default protocol client - Falling back to polling mechanism."]
[17102][1649934627312][main][info]["windowManager: First requester booted successfully."]
[17102][1649934627312][main][info]["windowManager~restoreWindows: Restoring requester windows"]
[17102][1649934627313][main][info]["Main~AppEvents - Received booted event for process requester.Version undefined UI Version: undefined Desktop Platform Version: 9.15.2"]
[17102][1649934716731][main][info]["VersionDependencyService: Resetting UI version as user logged out/switched account"]
[17102][1649934716732][main][info]["Main - model-events~user - (users, add) received"]
[17102][1649934717111][main][error]["ProtocolHandler~setDefaultProtocolClient: Command failed: xdg-mime default Postman.desktop x-scheme-handler/postman\n/bin/sh: 1: xdg-mime: not found\n"]
[17102][1649934717178][main][warn]["AuthHandler~open: Current app is not default protocol client - Falling back to polling mechanism."]
[17102][1649934771735][main][info]["windowManager: First requester booted successfully."]
[17102][1649934771736][main][info]["windowManager~restoreWindows: Restoring requester windows"]
[17102][1649934771736][main][info]["Main~AppEvents - Received booted event for process requester.Version undefined UI Version: undefined Desktop Platform Version: 9.15.2"]
[17102][1649936466545][main][info]["WindowManager~closeHandler - Closed Window (id: 5 )"]
[17102][1649936466551][main][info]["Quitting app"]
