[17102][1649930364224][shell][info]["EventBus~initialize - Success"]
[17102][1649930364230][shell][info]["bootShellCrashReporter~ Success"]
[17102][1649930364249][shell][info]["shellController~init: Success"]
[17102][1649930364249][shell][info]["shellMeta~init: Success"]
[17102][1649930364249][shell][info]["partitionMigrationService: State of V7 partition:"]
[17102][1649930364249][shell][info]["partitionMigrationService: V7 partitions",[]]
[17102][1649930364249][shell][info]["partitionMigrationService: V7 lastActiveUser",null]
[17102][1649930364250][shell][info]["partitionMigrationService: V7 activePartition",null]
[17102][1649930364250][shell][info]["partitionMigrationService: V7 isPartitionDirty",null]
[17102][1649930364251][shell][info]["partitionMigrationService~rectifyNamespaceOfScratchPadPartition: There is no partition with scratchpad namespace"]
[17102][1649930364251][shell][info]["partitionMigrationService~rectifyNamespaceOfScratchPadPartition: There is no transit partition which could have been used for scratchpad"]
[17102][1649930364251][shell][info]["partitionMigrationService~init: Success"]
[17102][1649930364251][shell][info]["partitionMigrationService~runV8PartitionsIntegrity: Two way migration~ removing the following partitions from v8",[]]
[17102][1649930364252][shell][info]["userPartitionService~_rectifyTheActivePartitionOfApplication: Setting the active partition to ",null]
[17102][1649930364252][shell][info]["userPartitionService~init: Success"]
[17102][1649930364252][shell][info]["userPartitionService: State of v8 partition system:"]
[17102][1649930364252][shell][info]["userPartitionService: List of partitions:",[]]
[17102][1649930364253][shell][info]["userPartitionService: users global meta:",{"activePartition":null}]
[17102][1649930364253][shell][info]["shell~init~getPartitionToLoad: loading scratchpad partition"]
[17102][1649930364257][shell][info]["init~setViewAttributes - Initializing view with opts:"]
[17102][1649930364257][shell][info]["Shell~init~setViewAttributes: passing scratchpad partition id as ","d0c8d9a5-7149-4e29-a46b-a1ea6d361207"]
[17102][1649930364257][shell][info]["Shell~init~setViewAttributes: do we have any logged in users? ",false]
[17102][1649930364258][shell][info]["init~setViewAttributes - Success"]
[17102][1649930366821][shell][info]["Shell~init~sendUsersDataToRenderer",[]]
[17102][1649930366886][shell][info]["Shell~init~sendUsersDataToRenderer",[]]
[17102][1649934625099][shell][info]["EventBus~initialize - Success"]
[17102][1649934625108][shell][info]["bootShellCrashReporter~ Success"]
[17102][1649934625129][shell][info]["shellController~init: Success"]
[17102][1649934625129][shell][info]["shellMeta~init: Success"]
[17102][1649934625130][shell][info]["partitionMigrationService: State of V7 partition:"]
[17102][1649934625130][shell][info]["partitionMigrationService: V7 partitions",[]]
[17102][1649934625130][shell][info]["partitionMigrationService: V7 lastActiveUser",null]
[17102][1649934625131][shell][info]["partitionMigrationService: V7 activePartition",null]
[17102][1649934625131][shell][info]["partitionMigrationService: V7 isPartitionDirty",null]
[17102][1649934625132][shell][info]["partitionMigrationService~init: Success"]
[17102][1649934625132][shell][info]["partitionMigrationService~runV8PartitionsIntegrity: Two way migration~ removing the following partitions from v8",[]]
[17102][1649934625133][shell][info]["userPartitionService~_rectifyTheActivePartitionOfApplication: Setting the active partition to ",null]
[17102][1649934625134][shell][info]["userPartitionService~init: Success"]
[17102][1649934625134][shell][info]["userPartitionService: State of v8 partition system:"]
[17102][1649934625135][shell][info]["userPartitionService: List of partitions:",[{"partitionId":"d0c8d9a5-7149-4e29-a46b-a1ea6d361207","namespace":"scratchPad","userId":0,"teamId":0,"isDirty":false}]]
[17102][1649934625135][shell][info]["userPartitionService: users global meta:",{"activePartition":null}]
[17102][1649934625136][shell][info]["shell~init~getPartitionToLoad: loading scratchpad partition"]
[17102][1649934625137][shell][info]["init~setViewAttributes - Initializing view with opts:"]
[17102][1649934625139][shell][info]["Shell~init~setViewAttributes: passing scratchpad partition id as ","d0c8d9a5-7149-4e29-a46b-a1ea6d361207"]
[17102][1649934625139][shell][info]["Shell~init~setViewAttributes: do we have any logged in users? ",false]
[17102][1649934625141][shell][info]["init~setViewAttributes - Success"]
[17102][1649934627310][shell][info]["Shell~init~sendUsersDataToRenderer",[]]
[17102][1649934627370][shell][info]["Shell~init~sendUsersDataToRenderer",[]]
[17102][1649934769584][shell][info]["EventBus~initialize - Success"]
[17102][1649934769594][shell][info]["bootShellCrashReporter~ Success"]
[17102][1649934769612][shell][info]["shellController~init: Success"]
[17102][1649934769612][shell][info]["shellMeta~init: Success"]
[17102][1649934769613][shell][info]["partitionMigrationService: State of V7 partition:"]
[17102][1649934769613][shell][info]["partitionMigrationService: V7 partitions",[]]
[17102][1649934769613][shell][info]["partitionMigrationService: V7 lastActiveUser",null]
[17102][1649934769613][shell][info]["partitionMigrationService: V7 activePartition",null]
[17102][1649934769613][shell][info]["partitionMigrationService: V7 isPartitionDirty",null]
[17102][1649934769614][shell][info]["partitionMigrationService~init: Success"]
[17102][1649934769614][shell][info]["partitionMigrationService~runV8PartitionsIntegrity: Two way migration~ removing the following partitions from v8",[]]
[17102][1649934769615][shell][info]["userPartitionService~_rectifyTheActivePartitionOfApplication: Setting the active partition to ",null]
[17102][1649934769615][shell][info]["userPartitionService~init: Success"]
[17102][1649934769616][shell][info]["userPartitionService: State of v8 partition system:"]
[17102][1649934769616][shell][info]["userPartitionService: List of partitions:",[{"partitionId":"d0c8d9a5-7149-4e29-a46b-a1ea6d361207","namespace":"scratchPad","userId":0,"teamId":0,"isDirty":false}]]
[17102][1649934769616][shell][info]["userPartitionService: users global meta:",{"activePartition":null}]
[17102][1649934769616][shell][info]["shell~init~getPartitionToLoad: loading scratchpad partition"]
[17102][1649934769618][shell][info]["init~setViewAttributes - Initializing view with opts:"]
[17102][1649934769620][shell][info]["Shell~init~setViewAttributes: passing scratchpad partition id as ","d0c8d9a5-7149-4e29-a46b-a1ea6d361207"]
[17102][1649934769620][shell][info]["Shell~init~setViewAttributes: do we have any logged in users? ",false]
[17102][1649934769623][shell][info]["init~setViewAttributes - Success"]
[17102][1649934771735][shell][info]["Shell~init~sendUsersDataToRenderer",[]]
[17102][1649934771777][shell][info]["Shell~init~sendUsersDataToRenderer",[]]
